<?xml version="1.0" encoding="UTF-8"?>
<!-- Generated by org.testng.reporters.JUnitReportReporter -->
<testsuite hostname="LAPTOP-RA9HQBVV" failures="0" tests="1" name="com.practice.TestNgFrameWork.TestNG1" time="0.003" errors="0" timestamp="2022-12-15T22:18:16 IST" skipped="0">
  <testcase classname="com.practice.TestNgFrameWork.TestNG1" name="test5" time="0.003"/>
  <system-out>
    <![CDATA[at test]]>
  </system-out>
</testsuite> <!-- com.practice.TestNgFrameWork.TestNG1 -->
