<?xml version="1.0" encoding="UTF-8"?>
<!-- Generated by org.testng.reporters.JUnitReportReporter -->
<testsuite hostname="LAPTOP-RA9HQBVV" failures="0" tests="1" name="com.tourism.CancelmyTourTest" time="1.899" errors="0" timestamp="2022-12-16T10:47:52 IST" skipped="0">
  <testcase classname="com.tourism.CancelmyTourTest" name="main" time="1.899"/>
  <system-out/>
</testsuite> <!-- com.tourism.CancelmyTourTest -->
