<?xml version="1.0" encoding="UTF-8"?>
<!-- Generated by org.testng.reporters.JUnitReportReporter -->
<testsuite hostname="LAPTOP-RA9HQBVV" failures="0" tests="1" name="com.tourism.UserBookTourpackageTest" time="5.400" errors="0" timestamp="2022-12-16T10:47:52 IST" skipped="0">
  <testcase classname="com.tourism.UserBookTourpackageTest" name="main" time="5.400"/>
  <system-out/>
</testsuite> <!-- com.tourism.UserBookTourpackageTest -->
