<?xml version="1.0" encoding="UTF-8"?>
<!-- Generated by org.testng.reporters.JUnitReportReporter -->
<testsuite hostname="LAPTOP-RA9HQBVV" failures="0" tests="3" name="practice.ParallelExecutionTest_2" time="42.084" errors="0" timestamp="2022-12-15T11:57:52 IST" skipped="0">
  <testcase classname="practice.ParallelExecutionTest_2" name="plltest21" time="14.004"/>
  <system-out/>
  <testcase classname="practice.ParallelExecutionTest_2" name="plltest22" time="13.969"/>
  <system-out/>
  <testcase classname="practice.ParallelExecutionTest_2" name="plltest23" time="14.111"/>
  <system-out/>
</testsuite> <!-- practice.ParallelExecutionTest_2 -->
