<?xml version="1.0" encoding="UTF-8"?>
<!-- Generated by org.testng.reporters.JUnitReportReporter -->
<testsuite hostname="LAPTOP-RA9HQBVV" failures="0" tests="1" name="com.practice.TestNgFrameWork.TestngGroupExecution" time="0.006" errors="0" timestamp="2022-12-15T22:52:06 IST" skipped="0">
  <testcase classname="com.practice.TestNgFrameWork.TestngGroupExecution" name="groupTest2" time="0.006"/>
  <system-out/>
</testsuite> <!-- com.practice.TestNgFrameWork.TestngGroupExecution -->
