<?xml version="1.0" encoding="UTF-8"?>
<!-- Generated by org.testng.reporters.JUnitReportReporter -->
<testsuite hostname="LAPTOP-RA9HQBVV" failures="0" tests="1" name="com.practice.TestNgFrameWork.TestNG3" time="0.006" errors="0" timestamp="2022-12-15T23:14:09 IST" skipped="0">
  <testcase classname="com.practice.TestNgFrameWork.TestNG3" name="test2" time="0.006"/>
  <system-out/>
</testsuite> <!-- com.practice.TestNgFrameWork.TestNG3 -->
