<?xml version="1.0" encoding="UTF-8"?>
<!-- Generated by org.testng.reporters.JUnitReportReporter -->
<testsuite hostname="LAPTOP-RA9HQBVV" failures="0" tests="3" name="practice.ParallelExecutionTest_1" time="56.553" errors="0" timestamp="2022-12-15T11:57:52 IST" skipped="0">
  <testcase classname="practice.ParallelExecutionTest_1" name="plltest12" time="14.010"/>
  <system-out/>
  <testcase classname="practice.ParallelExecutionTest_1" name="plltest11" time="13.989"/>
  <system-out/>
  <testcase classname="practice.ParallelExecutionTest_1" name="plltest13" time="28.554"/>
  <system-out/>
</testsuite> <!-- practice.ParallelExecutionTest_1 -->
