<?xml version="1.0" encoding="UTF-8"?>
<!-- Generated by org.testng.reporters.JUnitReportReporter -->
<testsuite hostname="LAPTOP-RA9HQBVV" failures="0" tests="3" name="practice.ParallelExecutionTest_3" time="85.432" errors="0" timestamp="2022-12-15T11:57:52 IST" skipped="0">
  <testcase classname="practice.ParallelExecutionTest_3" name="plltest31" time="28.396"/>
  <system-out/>
  <testcase classname="practice.ParallelExecutionTest_3" name="plltest33" time="28.407"/>
  <system-out/>
  <testcase classname="practice.ParallelExecutionTest_3" name="plltest32" time="28.629"/>
  <system-out/>
</testsuite> <!-- practice.ParallelExecutionTest_3 -->
