<?xml version="1.0" encoding="UTF-8"?>
<!-- Generated by org.testng.reporters.JUnitReportReporter -->
<testsuite hostname="LAPTOP-RA9HQBVV" failures="0" tests="3" name="com.practice.TestNgFrameWork.TestNG2" time="0.002" errors="0" timestamp="2022-12-15T22:18:16 IST" skipped="0">
  <testcase classname="com.practice.TestNgFrameWork.TestNG2" name="test1" time="0.001"/>
  <system-out/>
  <testcase classname="com.practice.TestNgFrameWork.TestNG2" name="test1" time="0.001"/>
  <system-out/>
  <testcase classname="com.practice.TestNgFrameWork.TestNG2" name="test1" time="0.000"/>
  <system-out/>
</testsuite> <!-- com.practice.TestNgFrameWork.TestNG2 -->
